<?xml version="1.0" encoding="UTF-8"?>
<!-- Generated by org.testng.reporters.JUnitReportReporter -->
<testsuite hostname="DESKTOP-GTQ18FH" failures="0" tests="1" name="com.seleniumpratice.seleniumpratice.TestNGpratice" time="27.642" errors="0" timestamp="2023-08-02T14:47:11 IST" skipped="0">
  <testcase classname="com.seleniumpratice.seleniumpratice.TestNGpratice" name="explorebutton" time="27.642"/>
</testsuite> <!-- com.seleniumpratice.seleniumpratice.TestNGpratice -->
