<?xml version="1.0" encoding="UTF-8"?>
<!-- Generated by org.testng.reporters.JUnitReportReporter -->
<testsuite hostname="DESKTOP-GTQ18FH" failures="0" tests="5" name="com.seleniumpratice.seleniumpratice.NewSeleniumTest" time="70.858" errors="0" timestamp="2023-08-03T10:55:48 IST" skipped="0">
  <testcase classname="com.seleniumpratice.seleniumpratice.NewSeleniumTest" name="ExploreButtonTest" time="18.805"/>
  <testcase classname="com.seleniumpratice.seleniumpratice.NewSeleniumTest" name="DownloadForFreeButtonTest" time="18.545"/>
  <testcase classname="com.seleniumpratice.seleniumpratice.NewSeleniumTest" name="DownloadDesktopAppButtonTest" time="3.499"/>
  <testcase classname="com.seleniumpratice.seleniumpratice.NewSeleniumTest" name="GstItRecButtonTest" time="2.502"/>
  <testcase classname="com.seleniumpratice.seleniumpratice.NewSeleniumTest" name="SignUpButtonTest" time="27.507"/>
</testsuite> <!-- com.seleniumpratice.seleniumpratice.NewSeleniumTest -->
